Determining if the pthread_create exist failed with the following output:
Change Dir: /home/pi/your_workspace_name_here/build/CMakeFiles/CMakeTmp

Run Build Command:"/usr/bin/make" "cmTC_124df/fast"
/usr/bin/make -f CMakeFiles/cmTC_124df.dir/build.make CMakeFiles/cmTC_124df.dir/build
make[1]: Entering directory '/home/pi/your_workspace_name_here/build/CMakeFiles/CMakeTmp'
Building C object CMakeFiles/cmTC_124df.dir/CheckSymbolExists.c.o
/usr/bin/cc     -o CMakeFiles/cmTC_124df.dir/CheckSymbolExists.c.o   -c /home/pi/your_workspace_name_here/build/CMakeFiles/CMakeTmp/CheckSymbolExists.c
Linking C executable cmTC_124df
/usr/bin/cmake -E cmake_link_script CMakeFiles/cmTC_124df.dir/link.txt --verbose=1
/usr/bin/cc       CMakeFiles/cmTC_124df.dir/CheckSymbolExists.c.o  -o cmTC_124df -rdynamic 
CMakeFiles/cmTC_124df.dir/CheckSymbolExists.c.o: In function `main':
CheckSymbolExists.c:(.text+0x38): undefined reference to `pthread_create'
collect2: error: ld returned 1 exit status
CMakeFiles/cmTC_124df.dir/build.make:97: recipe for target 'cmTC_124df' failed
make[1]: *** [cmTC_124df] Error 1
make[1]: Leaving directory '/home/pi/your_workspace_name_here/build/CMakeFiles/CMakeTmp'
Makefile:126: recipe for target 'cmTC_124df/fast' failed
make: *** [cmTC_124df/fast] Error 2

File /home/pi/your_workspace_name_here/build/CMakeFiles/CMakeTmp/CheckSymbolExists.c:
/* */
#include <pthread.h>

int main(int argc, char** argv)
{
  (void)argv;
#ifndef pthread_create
  return ((int*)(&pthread_create))[argc];
#else
  (void)argc;
  return 0;
#endif
}

Determining if the function pthread_create exists in the pthreads failed with the following output:
Change Dir: /home/pi/your_workspace_name_here/build/CMakeFiles/CMakeTmp

Run Build Command:"/usr/bin/make" "cmTC_579e3/fast"
/usr/bin/make -f CMakeFiles/cmTC_579e3.dir/build.make CMakeFiles/cmTC_579e3.dir/build
make[1]: Entering directory '/home/pi/your_workspace_name_here/build/CMakeFiles/CMakeTmp'
Building C object CMakeFiles/cmTC_579e3.dir/CheckFunctionExists.c.o
/usr/bin/cc    -DCHECK_FUNCTION_EXISTS=pthread_create   -o CMakeFiles/cmTC_579e3.dir/CheckFunctionExists.c.o   -c /usr/share/cmake-3.7/Modules/CheckFunctionExists.c
Linking C executable cmTC_579e3
/usr/bin/cmake -E cmake_link_script CMakeFiles/cmTC_579e3.dir/link.txt --verbose=1
/usr/bin/cc   -DCHECK_FUNCTION_EXISTS=pthread_create    CMakeFiles/cmTC_579e3.dir/CheckFunctionExists.c.o  -o cmTC_579e3 -rdynamic -lpthreads 
/usr/bin/ld: cannot find -lpthreads
collect2: error: ld returned 1 exit status
CMakeFiles/cmTC_579e3.dir/build.make:97: recipe for target 'cmTC_579e3' failed
make[1]: *** [cmTC_579e3] Error 1
make[1]: Leaving directory '/home/pi/your_workspace_name_here/build/CMakeFiles/CMakeTmp'
Makefile:126: recipe for target 'cmTC_579e3/fast' failed
make: *** [cmTC_579e3/fast] Error 2


